Syncing pyproject.toml tool configuration with shared template...
‚úì Tool configurations in pyproject.toml match shared config
Running make check...
Running shared CI checks...
‚Üí Running isort...
‚Üí Running black...
All done! ‚ú® üç∞ ‚ú®
1803 files left unchanged.
‚Üí Running codespell...
‚Üí Running vulture...
‚Üí Running deptry...
Scanning 1170 files...

[1m[32mSuccess! No dependency issues found.[m
‚Üí Running gitleaks...
  ‚Üí scanning src
  ‚Üí scanning tests
  ‚Üí scanning scripts
  ‚Üí scanning ci_shared.mk
  ‚Üí scanning pyproject.toml
  ‚Üí scanning Makefile
  ‚Üí scanning README.md
‚Üí Running bandit...
‚Üí Running safety...
Safety 3.6.2 scanning /Users/mahrens917/common
2025-12-10 21:47:28 UTC

Account: Michael Ahrens, mahrens917@gmail.com 
Project: common
 Git branch: master
 Environment: Stage.development
 Scan policy: fetched from Safety Platform, ignoring any local Safety 
CLI policy files

Python detected. Found 1 Python requirement file and 1 Python 
pyproject.toml file

‚úÖ requirements.txt: No issues found.

‚úÖ pyproject.toml: No issues found.

Tested 9 dependencies for security issues using policy fetched from 
Safety Platform
37 vulnerabilities found, 37 ignored due to policy.
0 fixes suggested, resolving 0 vulnerabilities.

Project dashboard: 
https://platform.safetycli.com/codebases/common/findings?branch=master
‚Üí Running policy_guard...
Banned keyword policy violations detected:
src/common/metadata_store_helpers/metadata_reader.py:55 -> keyword 'default'
src/common/metadata_store_helpers/metadata_reader.py:56 -> keyword 'default'
src/common/metadata_store_helpers/metadata_reader.py:57 -> keyword 'default'
src/common/metadata_store_helpers/metadata_reader.py:58 -> keyword 'default'
src/common/metadata_store_helpers/metadata_reader.py:59 -> keyword 'default'
‚Üí Running data_guard...
‚Üí Running structure_guard...
‚Üí Running complexity_guard...
‚úì All functions meet complexity limits (cyclomatic ‚â§10, cognitive ‚â§15)
‚Üí Running module_guard...
‚Üí Running function_size_guard...
‚Üí Running inheritance_guard...
‚Üí Running method_count_guard...
‚Üí Running dependency_guard...
‚Üí Running unused_module_guard...
Checking for unused modules in src...

‚ùå Unused modules detected (never imported):
  - common/connection_state_tracker_helpers/initializer.py: Never imported (module: common.connection_state_tracker_helpers.initializer)
  - common/health/service_health_checker_helpers/batch_health_checker.py: Never imported (module: common.health.service_health_checker_helpers.batch_health_checker)
  - common/market_data_parser_helpers/data_cleaner.py: Never imported (module: common.market_data_parser_helpers.data_cleaner)
  - common/market_data_parser_helpers/instrument_parser.py: Never imported (module: common.market_data_parser_helpers.instrument_parser)
  - common/market_data_parser_helpers/parsed_instrument_validator.py: Never imported (module: common.market_data_parser_helpers.parsed_instrument_validator)
  - common/market_data_parser_helpers/structure_validator.py: Never imported (module: common.market_data_parser_helpers.structure_validator)
  - common/market_lifecycle_monitor_helpers/property_bridge.py: Never imported (module: common.market_lifecycle_monitor_helpers.property_bridge)
  - common/network_adaptive_poller_helpers/interval_adjuster.py: Never imported (module: common.network_adaptive_poller_helpers.interval_adjuster)
  - common/network_adaptive_poller_helpers/network_classifier.py: Never imported (module: common.network_adaptive_poller_helpers.network_classifier)
  - common/network_adaptive_poller_helpers/performance_calculator.py: Never imported (module: common.network_adaptive_poller_helpers.performance_calculator)
  - common/network_errors.py: Never imported (module: common.network_errors)
  - common/pnl_calculator_helpers/reportgenerator_helpers/close_date_report_builder.py: Never imported (module: common.pnl_calculator_helpers.reportgenerator_helpers.close_date_report_builder)
  - common/pnl_calculator_helpers/reportgenerator_helpers/date_range_report_builder.py: Never imported (module: common.pnl_calculator_helpers.reportgenerator_helpers.date_range_report_builder)
  - common/process_monitor_helpers/service_patterns.py: Never imported (module: common.process_monitor_helpers.service_patterns)
  - common/redis_protocol/atomic_redis_operations_helpers/coordinator.py: Never imported (module: common.redis_protocol.atomic_redis_operations_helpers.coordinator)
  - common/redis_protocol/kalshi_store/orderbook_helpers/message_processing/dispatcher.py: Never imported (module: common.redis_protocol.kalshi_store.orderbook_helpers.message_processing.dispatcher)
  - common/redis_protocol/kalshi_store/orderbook_helpers/snapshot_processor_helpers/price_formatting.py: Never imported (module: common.redis_protocol.kalshi_store.orderbook_helpers.snapshot_processor_helpers.price_formatting)
  - common/redis_protocol/kalshi_store/orderbook_helpers/snapshot_processor_helpers/redis_storage.py: Never imported (module: common.redis_protocol.kalshi_store.orderbook_helpers.snapshot_processor_helpers.redis_storage)
  - common/redis_protocol/kalshi_store/reader_helpers/market_query_handler.py: Never imported (module: common.redis_protocol.kalshi_store.reader_helpers.market_query_handler)
  - common/redis_protocol/kalshi_store/reader_helpers/market_status_checker.py: Never imported (module: common.redis_protocol.kalshi_store.reader_helpers.market_status_checker)
  - common/redis_protocol/kalshi_store/store_helpers/property_management.py: Never imported (module: common.redis_protocol.kalshi_store.store_helpers.property_management)
  - common/redis_protocol/kalshi_store/store_helpers/static_methods.py: Never imported (module: common.redis_protocol.kalshi_store.store_helpers.static_methods)
  - common/redis_protocol/kalshi_store/subscription_factory.py: Never imported (module: common.redis_protocol.kalshi_store.subscription_factory)
  - common/redis_protocol/messages_helpers/option_normalizer.py: Never imported (module: common.redis_protocol.messages_helpers.option_normalizer)
  - common/redis_protocol/messages_helpers/timestamp_converter.py: Never imported (module: common.redis_protocol.messages_helpers.timestamp_converter)
  - common/redis_protocol/trade_store/store_helpers/api_delegator.py: Never imported (module: common.redis_protocol.trade_store.store_helpers.api_delegator)
  - common/resource_tracker_helpers/delegation/history.py: Never imported (module: common.resource_tracker_helpers.delegation.history)
  - common/resource_tracker_helpers/delegation/monitoring_control.py: Never imported (module: common.resource_tracker_helpers.delegation.monitoring_control)
  - common/resource_tracker_helpers/delegation/recording.py: Never imported (module: common.resource_tracker_helpers.delegation.recording)
  - common/service_lifecycle/status_reporter_helpers/registration_methods.py: Never imported (module: common.service_lifecycle.status_reporter_helpers.registration_methods)
  - common/service_lifecycle/status_reporter_helpers/status_writer.py: Never imported (module: common.service_lifecycle.status_reporter_helpers.status_writer)
  - common/time_helpers/time_parsing.py: Never imported (module: common.time_helpers.time_parsing)
  - common/trading/order_metadata_service.py: Never imported (module: common.trading.order_metadata_service)
  - common/websocket/message_stats_helpers/redis_history_writer.py: Never imported (module: common.websocket.message_stats_helpers.redis_history_writer)

Tip: Remove unused files or add them to .gitignore if they're work-in-progress
‚Üí Running documentation_guard...
‚úÖ documentation_guard: All required documentation present
   (3 docs verified)
‚Üí Running ruff...
All checks passed!
‚Üí Running pyright...
/Users/mahrens917/common/src/common/alerter_factory.py
  /Users/mahrens917/common/src/common/alerter_factory.py:13:48 - warning: Type "type[Alerter]" is not assignable to declared type "type[ServiceAlerter]"
  ¬†¬†"type[Alerter]" is not assignable to "type[ServiceAlerter]"
  ¬†¬†Type "type[Alerter]" is not assignable to type "type[ServiceAlerter]" (reportAssignmentType)
/Users/mahrens917/common/src/common/config/weather.py
  /Users/mahrens917/common/src/common/config/weather.py:13:43 - warning: Type "type[weather.config_loader.WeatherConfigLoadError]" is not assignable to declared type "type[common.config.weather.WeatherConfigLoadError]"
  ¬†¬†"weather.config_loader.WeatherConfigLoadError" is not assignable to "common.config.weather.WeatherConfigLoadError"
  ¬†¬†Type "type[weather.config_loader.WeatherConfigLoadError]" is not assignable to type "type[common.config.weather.WeatherConfigLoadError]" (reportAssignmentType)
/Users/mahrens917/common/src/common/connection_manager.py
  /Users/mahrens917/common/src/common/connection_manager.py:142:18 - error: Import "..monitor.alerter" could not be resolved (reportMissingImports)
/Users/mahrens917/common/src/common/redis_protocol/kalshi_store/reader_helpers/market_query_handler.py
  /Users/mahrens917/common/src/common/redis_protocol/kalshi_store/reader_helpers/market_query_handler.py:4:20 - error: Import "Any" is not accessed (reportUnusedImport)
/Users/mahrens917/common/src/common/redis_protocol/kalshi_store/reader_helpers/snapshot_retriever.py
  /Users/mahrens917/common/src/common/redis_protocol/kalshi_store/reader_helpers/snapshot_retriever.py:29:14 - error: Import "...redis_schema" could not be resolved (reportMissingImports)
/Users/mahrens917/common/src/common/scraper_connection_manager.py
  /Users/mahrens917/common/src/common/scraper_connection_manager.py:24:10 - error: Import "..monitor.alerter" could not be resolved (reportMissingImports)
/Users/mahrens917/common/src/common/trading/notifier_adapter.py
  /Users/mahrens917/common/src/common/trading/notifier_adapter.py:23:18 - error: Import "...kalshi.notifications.trade_notifier" could not be resolved (reportMissingImports)
  /Users/mahrens917/common/src/common/trading/notifier_adapter.py:47:30 - warning: Object of type "None" cannot be called (reportOptionalCall)
  /Users/mahrens917/common/src/common/trading/notifier_adapter.py:69:18 - error: Import "...kalshi.notifications.trade_notifier" could not be resolved (reportMissingImports)
/Users/mahrens917/common/src/common/websocket_connection_manager.py
  /Users/mahrens917/common/src/common/websocket_connection_manager.py:24:10 - error: Import "..monitor.alerter" could not be resolved (reportMissingImports)
7 errors, 3 warnings, 0 informations
‚Üí Running pylint...
************* Module src
src/__init__.py:1:0: F0010: error while code parsing: Unable to load file src/__init__.py:
[Errno 2] No such file or directory: 'src/__init__.py' (parse-error)
************* Module tests
tests/__init__.py:1:0: F0010: error while code parsing: Unable to load file tests/__init__.py:
[Errno 2] No such file or directory: 'tests/__init__.py' (parse-error)
‚Üí Cleaning bytecode...
‚Üí Running pytest...
........................................................................ [  1%]
........................................................................ [  2%]
........................................................................ [  3%]
........................................................................ [  5%]
........................................................................ [  6%]
........................................................................ [  7%]
........................................................................ [  8%]
........................................................................ [ 10%]
........................................................................ [ 11%]
........................................................................ [ 12%]
........................................................................ [ 13%]
........................................................................ [ 15%]
........................................................................ [ 16%]
........................................................................ [ 17%]
........................................................................ [ 18%]
........................................................................ [ 20%]
..............FFFFF..................................................... [ 21%]
........................................................................ [ 22%]
........................................................................ [ 23%]
...................................F........................F........... [ 25%]
........................................................................ [ 26%]
........................................................................ [ 27%]
........................................................................ [ 28%]
........................................................................ [ 30%]
........................................................................ [ 31%]
........................................................................ [ 32%]
.................FF..................................................... [ 34%]
........................................................................ [ 35%]
........................................................................ [ 36%]
........................................................................ [ 37%]
........................................................................ [ 39%]
........................................................................ [ 40%]
........................................................................ [ 41%]
........................................................................ [ 42%]
........................................................................ [ 44%]
........................................................................ [ 45%]
........................................................................ [ 46%]
........................................................................ [ 47%]
........................................................................ [ 49%]
.............................................................F.......... [ 50%]
........................................................................ [ 51%]
........................................................................ [ 52%]
........................................................................ [ 54%]
........................................................................ [ 55%]
........................................................................ [ 56%]
........................................................................ [ 57%]
........................................................................ [ 59%]
........................................................................ [ 60%]
.............................................................E.E.....E.. [ 61%]
.EEE...E..E...E..E.EEE.EEEEEEEEEEEEEEEEEEE..EEE..EEE..F.EE.............. [ 63%]
...........................FF.............F............................. [ 64%]
.......................EEEEEEEEE.EE..................................... [ 65%]
.........................EEEEEEEEEE..............EEEEEEEEEEEEEEEEEEEEEFE [ 66%]
EEEEEEEEEFFFFEEEEEEEEEEEEEEEEEEEEEEEEEEE................................ [ 68%]
........................................................................ [ 69%]
........................................................................ [ 70%]
...........................F............................................ [ 71%]
........................................................................ [ 73%]
........................................................................ [ 74%]
........................................................................ [ 75%]
..............FFFF...................................................... [ 76%]
................................................EEEE.................... [ 78%]
..........................FFF..FF.................................EEEEEE [ 79%]
EEEEEEEEEEEEEEEE.....E.FEEEEEEEEEEEEEEEEEEEEEEEEEEEEEEEEEEEEEEEEEEEEEEEE [ 80%]
EEEEEEEEEEEEEE..FF.F.........................F.......................... [ 81%]
..............................................................F..F...... [ 83%]
+++++++++++++++++++++++++++++++++++ Timeout ++++++++++++++++++++++++++++++++++++
~~~~~~~~~~~~~~~~~~~~~~~ Stack of asyncio_1 (6242496512) ~~~~~~~~~~~~~~~~~~~~~~~~
  File "/opt/homebrew/Cellar/python@3.12/3.12.11/Frameworks/Python.framework/Versions/3.12/lib/python3.12/threading.py", line 1032, in _bootstrap
    self._bootstrap_inner()
  File "/opt/homebrew/Cellar/python@3.12/3.12.11/Frameworks/Python.framework/Versions/3.12/lib/python3.12/threading.py", line 1075, in _bootstrap_inner
    self.run()
  File "/opt/homebrew/Cellar/python@3.12/3.12.11/Frameworks/Python.framework/Versions/3.12/lib/python3.12/threading.py", line 1012, in run
    self._target(*self._args, **self._kwargs)
  File "/opt/homebrew/Cellar/python@3.12/3.12.11/Frameworks/Python.framework/Versions/3.12/lib/python3.12/concurrent/futures/thread.py", line 90, in _worker
    work_item = work_queue.get(block=True)
~~~~~~~~~~~~~~~~~~~~~~~ Stack of asyncio_0 (6225670144) ~~~~~~~~~~~~~~~~~~~~~~~~
  File "/opt/homebrew/Cellar/python@3.12/3.12.11/Frameworks/Python.framework/Versions/3.12/lib/python3.12/threading.py", line 1032, in _bootstrap
    self._bootstrap_inner()
  File "/opt/homebrew/Cellar/python@3.12/3.12.11/Frameworks/Python.framework/Versions/3.12/lib/python3.12/threading.py", line 1075, in _bootstrap_inner
    self.run()
  File "/opt/homebrew/Cellar/python@3.12/3.12.11/Frameworks/Python.framework/Versions/3.12/lib/python3.12/threading.py", line 1012, in run
    self._target(*self._args, **self._kwargs)
  File "/opt/homebrew/Cellar/python@3.12/3.12.11/Frameworks/Python.framework/Versions/3.12/lib/python3.12/concurrent/futures/thread.py", line 90, in _worker
    work_item = work_queue.get(block=True)
~~~~~~~~~~~~~~~~~ Stack of gp-surface-persistence (6187429888) ~~~~~~~~~~~~~~~~~
  File "/opt/homebrew/Cellar/python@3.12/3.12.11/Frameworks/Python.framework/Versions/3.12/lib/python3.12/threading.py", line 1032, in _bootstrap
    self._bootstrap_inner()
  File "/opt/homebrew/Cellar/python@3.12/3.12.11/Frameworks/Python.framework/Versions/3.12/lib/python3.12/threading.py", line 1075, in _bootstrap_inner
    self.run()
  File "/opt/homebrew/Cellar/python@3.12/3.12.11/Frameworks/Python.framework/Versions/3.12/lib/python3.12/threading.py", line 1012, in run
    self._target(*self._args, **self._kwargs)
  File "/Users/mahrens917/kalshi/src/pdf/utils/gp_surface_store_helpers/persistence_worker.py", line 49, in _run
    request = self._queue.get()
  File "/opt/homebrew/Cellar/python@3.12/3.12.11/Frameworks/Python.framework/Versions/3.12/lib/python3.12/queue.py", line 171, in get
    self.not_empty.wait()
  File "/opt/homebrew/Cellar/python@3.12/3.12.11/Frameworks/Python.framework/Versions/3.12/lib/python3.12/threading.py", line 355, in wait
    waiter.acquire()
~~~~~~~~~~~~~~~~~~~~~~~ Stack of MainThread (8392532160) ~~~~~~~~~~~~~~~~~~~~~~~
  File "<frozen runpy>", line 198, in _run_module_as_main
  File "<frozen runpy>", line 88, in _run_code
  File "/Users/mahrens917/Library/Python/3.12/lib/python/site-packages/pytest/__main__.py", line 9, in <module>
    raise SystemExit(pytest.console_main())
  File "/Users/mahrens917/Library/Python/3.12/lib/python/site-packages/_pytest/config/__init__.py", line 201, in console_main
    code = main()
  File "/Users/mahrens917/Library/Python/3.12/lib/python/site-packages/_pytest/config/__init__.py", line 175, in main
    ret: ExitCode | int = config.hook.pytest_cmdline_main(config=config)
  File "/Users/mahrens917/Library/Python/3.12/lib/python/site-packages/pluggy/_hooks.py", line 512, in __call__
    return self._hookexec(self.name, self._hookimpls.copy(), kwargs, firstresult)
  File "/Users/mahrens917/Library/Python/3.12/lib/python/site-packages/pluggy/_manager.py", line 120, in _hookexec
    return self._inner_hookexec(hook_name, methods, kwargs, firstresult)
  File "/Users/mahrens917/Library/Python/3.12/lib/python/site-packages/pluggy/_callers.py", line 121, in _multicall
    res = hook_impl.function(*args)
  File "/Users/mahrens917/Library/Python/3.12/lib/python/site-packages/_pytest/main.py", line 336, in pytest_cmdline_main
    return wrap_session(config, _main)
  File "/Users/mahrens917/Library/Python/3.12/lib/python/site-packages/_pytest/main.py", line 289, in wrap_session
    session.exitstatus = doit(config, session) or 0
  File "/Users/mahrens917/Library/Python/3.12/lib/python/site-packages/_pytest/main.py", line 343, in _main
    config.hook.pytest_runtestloop(session=session)
  File "/Users/mahrens917/Library/Python/3.12/lib/python/site-packages/pluggy/_hooks.py", line 512, in __call__
    return self._hookexec(self.name, self._hookimpls.copy(), kwargs, firstresult)
  File "/Users/mahrens917/Library/Python/3.12/lib/python/site-packages/pluggy/_manager.py", line 120, in _hookexec
    return self._inner_hookexec(hook_name, methods, kwargs, firstresult)
  File "/Users/mahrens917/Library/Python/3.12/lib/python/site-packages/pluggy/_callers.py", line 121, in _multicall
    res = hook_impl.function(*args)
  File "/Users/mahrens917/Library/Python/3.12/lib/python/site-packages/_pytest/main.py", line 367, in pytest_runtestloop
    item.config.hook.pytest_runtest_protocol(item=item, nextitem=nextitem)
  File "/Users/mahrens917/Library/Python/3.12/lib/python/site-packages/pluggy/_hooks.py", line 512, in __call__
    return self._hookexec(self.name, self._hookimpls.copy(), kwargs, firstresult)
  File "/Users/mahrens917/Library/Python/3.12/lib/python/site-packages/pluggy/_manager.py", line 120, in _hookexec
    return self._inner_hookexec(hook_name, methods, kwargs, firstresult)
  File "/Users/mahrens917/Library/Python/3.12/lib/python/site-packages/pluggy/_callers.py", line 121, in _multicall
    res = hook_impl.function(*args)
  File "/Users/mahrens917/Library/Python/3.12/lib/python/site-packages/_pytest/runner.py", line 117, in pytest_runtest_protocol
    runtestprotocol(item, nextitem=nextitem)
  File "/Users/mahrens917/Library/Python/3.12/lib/python/site-packages/_pytest/runner.py", line 136, in runtestprotocol
    reports.append(call_and_report(item, "call", log))
  File "/Users/mahrens917/Library/Python/3.12/lib/python/site-packages/_pytest/runner.py", line 245, in call_and_report
    call = CallInfo.from_call(
  File "/Users/mahrens917/Library/Python/3.12/lib/python/site-packages/_pytest/runner.py", line 344, in from_call
    result: TResult | None = func()
  File "/Users/mahrens917/Library/Python/3.12/lib/python/site-packages/_pytest/runner.py", line 246, in <lambda>
    lambda: runtest_hook(item=item, **kwds), when=when, reraise=reraise
  File "/Users/mahrens917/Library/Python/3.12/lib/python/site-packages/pluggy/_hooks.py", line 512, in __call__
    return self._hookexec(self.name, self._hookimpls.copy(), kwargs, firstresult)
  File "/Users/mahrens917/Library/Python/3.12/lib/python/site-packages/pluggy/_manager.py", line 120, in _hookexec
    return self._inner_hookexec(hook_name, methods, kwargs, firstresult)
  File "/Users/mahrens917/Library/Python/3.12/lib/python/site-packages/pluggy/_callers.py", line 121, in _multicall
    res = hook_impl.function(*args)
  File "/Users/mahrens917/Library/Python/3.12/lib/python/site-packages/_pytest/runner.py", line 178, in pytest_runtest_call
    item.runtest()
  File "/Users/mahrens917/Library/Python/3.12/lib/python/site-packages/pytest_asyncio/plugin.py", line 474, in runtest
    super().runtest()
  File "/Users/mahrens917/Library/Python/3.12/lib/python/site-packages/_pytest/python.py", line 1671, in runtest
    self.ihook.pytest_pyfunc_call(pyfuncitem=self)
  File "/Users/mahrens917/Library/Python/3.12/lib/python/site-packages/pluggy/_hooks.py", line 512, in __call__
    return self._hookexec(self.name, self._hookimpls.copy(), kwargs, firstresult)
  File "/Users/mahrens917/Library/Python/3.12/lib/python/site-packages/pluggy/_manager.py", line 120, in _hookexec
    return self._inner_hookexec(hook_name, methods, kwargs, firstresult)
  File "/Users/mahrens917/Library/Python/3.12/lib/python/site-packages/pluggy/_callers.py", line 121, in _multicall
    res = hook_impl.function(*args)
  File "/Users/mahrens917/Library/Python/3.12/lib/python/site-packages/_pytest/python.py", line 157, in pytest_pyfunc_call
    result = testfunction(**testargs)
  File "/Users/mahrens917/Library/Python/3.12/lib/python/site-packages/pytest_asyncio/plugin.py", line 721, in inner
    runner.run(coro, context=context)
  File "/opt/homebrew/Cellar/python@3.12/3.12.11/Frameworks/Python.framework/Versions/3.12/lib/python3.12/asyncio/runners.py", line 118, in run
    return self._loop.run_until_complete(task)
  File "/opt/homebrew/Cellar/python@3.12/3.12.11/Frameworks/Python.framework/Versions/3.12/lib/python3.12/asyncio/base_events.py", line 678, in run_until_complete
    self.run_forever()
  File "/opt/homebrew/Cellar/python@3.12/3.12.11/Frameworks/Python.framework/Versions/3.12/lib/python3.12/asyncio/base_events.py", line 645, in run_forever
    self._run_once()
  File "/opt/homebrew/Cellar/python@3.12/3.12.11/Frameworks/Python.framework/Versions/3.12/lib/python3.12/asyncio/base_events.py", line 1999, in _run_once
    handle._run()
  File "/opt/homebrew/Cellar/python@3.12/3.12.11/Frameworks/Python.framework/Versions/3.12/lib/python3.12/asyncio/events.py", line 88, in _run
    self._context.run(self._callback, *self._args)
  File "/Users/mahrens917/common/tests/unit/test_memory_monitor.py", line 225, in test_monitoring_loop_runs_single_iteration
    await monitor._monitoring_loop()
  File "/Users/mahrens917/common/src/common/memory_monitor.py", line 117, in _monitoring_loop
    return await self._loop_manager._monitoring_loop()
  File "/Users/mahrens917/common/src/common/memory_monitor_helpers/monitoring_loop.py", line 105, in _monitoring_loop
    await asyncio.sleep(self.check_interval_seconds)
  File "/Users/mahrens917/common/src/common/memory_monitor.py", line 47, in <lambda>
    self._loop_manager.snapshot_collector.take_snapshot = lambda: self.take_snapshot()
  File "/Users/mahrens917/common/tests/unit/test_memory_monitor.py", line 219, in wrapped_snapshot
    monitor.shutdown_requested = True
+++++++++++++++++++++++++++++++++++ Timeout ++++++++++++++++++++++++++++++++++++
‚Üí Running coverage_guard...
coverage_guard: coverage data file not found: /Users/mahrens917/common/.coverage
‚Üí Running compileall...

‚ùå 6 check(s) failed
make: *** [shared-checks] Error 1
make: Target `check' not remade because of errors.
make check failed; aborting commit and push.
